C:\Apps\map-monitor-client\parse.js:198
      MapStatus.btStatus = recentBtStatus.attribs;
                                          ^

TypeError: Cannot read properties of undefined (reading 'attribs')
    at DomHandler.callback (C:\Apps\map-monitor-client\parse.js:198:43)
    at DomHandler.handleCallback (C:\Apps\map-monitor-client\node_modules\domhandler\lib\index.js:139:18)
    at DomHandler.onend (C:\Apps\map-monitor-client\node_modules\domhandler\lib\index.js:77:14)
    at Parser.onend (C:\Apps\map-monitor-client\node_modules\htmlparser2\lib\Parser.js:398:78)
    at Tokenizer.finish (C:\Apps\map-monitor-client\node_modules\htmlparser2\lib\Tokenizer.js:734:18)
    at Tokenizer.end (C:\Apps\map-monitor-client\node_modules\htmlparser2\lib\Tokenizer.js:154:18)
    at Parser.end (C:\Apps\map-monitor-client\node_modules\htmlparser2\lib\Parser.js:478:24)
    at ReadStream.<anonymous> (C:\Apps\map-monitor-client\parse.js:265:12)
    at ReadStream.emit (node:events:518:28)
    at endReadableNT (node:internal/streams/readable:1696:12)

Node.js v20.12.2
C:\Apps\map-monitor-client\parse.js:198
      MapStatus.btStatus = recentBtStatus.attribs;
                                          ^

TypeError: Cannot read properties of undefined (reading 'attribs')
    at DomHandler.callback (C:\Apps\map-monitor-client\parse.js:198:43)
    at DomHandler.handleCallback (C:\Apps\map-monitor-client\node_modules\domhandler\lib\index.js:139:18)
    at DomHandler.onend (C:\Apps\map-monitor-client\node_modules\domhandler\lib\index.js:77:14)
    at Parser.onend (C:\Apps\map-monitor-client\node_modules\htmlparser2\lib\Parser.js:398:78)
    at Tokenizer.finish (C:\Apps\map-monitor-client\node_modules\htmlparser2\lib\Tokenizer.js:734:18)
    at Tokenizer.end (C:\Apps\map-monitor-client\node_modules\htmlparser2\lib\Tokenizer.js:154:18)
    at Parser.end (C:\Apps\map-monitor-client\node_modules\htmlparser2\lib\Parser.js:478:24)
    at ReadStream.<anonymous> (C:\Apps\map-monitor-client\parse.js:265:12)
    at ReadStream.emit (node:events:518:28)
    at endReadableNT (node:internal/streams/readable:1696:12)

Node.js v20.12.2
C:\Apps\map-monitor-client\parse.js:198
      MapStatus.btStatus = recentBtStatus.attribs;
                                          ^

TypeError: Cannot read properties of undefined (reading 'attribs')
    at DomHandler.callback (C:\Apps\map-monitor-client\parse.js:198:43)
    at DomHandler.handleCallback (C:\Apps\map-monitor-client\node_modules\domhandler\lib\index.js:139:18)
    at DomHandler.onend (C:\Apps\map-monitor-client\node_modules\domhandler\lib\index.js:77:14)
    at Parser.onend (C:\Apps\map-monitor-client\node_modules\htmlparser2\lib\Parser.js:398:78)
    at Tokenizer.finish (C:\Apps\map-monitor-client\node_modules\htmlparser2\lib\Tokenizer.js:734:18)
    at Tokenizer.end (C:\Apps\map-monitor-client\node_modules\htmlparser2\lib\Tokenizer.js:154:18)
    at Parser.end (C:\Apps\map-monitor-client\node_modules\htmlparser2\lib\Parser.js:478:24)
    at ReadStream.<anonymous> (C:\Apps\map-monitor-client\parse.js:265:12)
    at ReadStream.emit (node:events:518:28)
    at endReadableNT (node:internal/streams/readable:1696:12)

Node.js v20.12.2
node:internal/process/promises:289
            triggerUncaughtException(err, true /* fromPromise */);
            ^

Error: connect ENETUNREACH 10.220.20.189:4040
    at TCPConnectWrap.afterConnect [as oncomplete] (node:net:1605:16) {
  errno: -4062,
  code: 'ENETUNREACH',
  syscall: 'connect',
  address: '10.220.20.189',
  port: 4040
}

Node.js v20.12.2
node:internal/process/promises:289
            triggerUncaughtException(err, true /* fromPromise */);
            ^

Error: connect ENETUNREACH 10.220.20.189:4040
    at TCPConnectWrap.afterConnect [as oncomplete] (node:net:1605:16) {
  errno: -4062,
  code: 'ENETUNREACH',
  syscall: 'connect',
  address: '10.220.20.189',
  port: 4040
}

Node.js v20.12.2
node:internal/process/promises:289
            triggerUncaughtException(err, true /* fromPromise */);
            ^

Error: connect ENETUNREACH 10.220.20.189:4040
    at TCPConnectWrap.afterConnect [as oncomplete] (node:net:1605:16) {
  errno: -4062,
  code: 'ENETUNREACH',
  syscall: 'connect',
  address: '10.220.20.189',
  port: 4040
}

Node.js v20.12.2
node:internal/process/promises:289
            triggerUncaughtException(err, true /* fromPromise */);
            ^

Error: connect ENETUNREACH 10.220.20.189:4040
    at TCPConnectWrap.afterConnect [as oncomplete] (node:net:1605:16) {
  errno: -4062,
  code: 'ENETUNREACH',
  syscall: 'connect',
  address: '10.220.20.189',
  port: 4040
}

Node.js v20.12.2
node:internal/process/promises:289
            triggerUncaughtException(err, true /* fromPromise */);
            ^

Error: connect ENETUNREACH 10.220.20.189:4040
    at TCPConnectWrap.afterConnect [as oncomplete] (node:net:1605:16) {
  errno: -4062,
  code: 'ENETUNREACH',
  syscall: 'connect',
  address: '10.220.20.189',
  port: 4040
}

Node.js v20.12.2
node:internal/process/promises:289
            triggerUncaughtException(err, true /* fromPromise */);
            ^

Error: connect ENETUNREACH 10.220.20.189:4040
    at TCPConnectWrap.afterConnect [as oncomplete] (node:net:1605:16) {
  errno: -4062,
  code: 'ENETUNREACH',
  syscall: 'connect',
  address: '10.220.20.189',
  port: 4040
}

Node.js v20.12.2
node:internal/process/promises:289
            triggerUncaughtException(err, true /* fromPromise */);
            ^

Error: connect ENETUNREACH 10.220.20.189:4040
    at TCPConnectWrap.afterConnect [as oncomplete] (node:net:1605:16) {
  errno: -4062,
  code: 'ENETUNREACH',
  syscall: 'connect',
  address: '10.220.20.189',
  port: 4040
}

Node.js v20.12.2
node:internal/process/promises:289
            triggerUncaughtException(err, true /* fromPromise */);
            ^

Error: connect ENETUNREACH 10.220.20.189:4040
    at TCPConnectWrap.afterConnect [as oncomplete] (node:net:1605:16) {
  errno: -4062,
  code: 'ENETUNREACH',
  syscall: 'connect',
  address: '10.220.20.189',
  port: 4040
}

Node.js v20.12.2
node:internal/process/promises:289
            triggerUncaughtException(err, true /* fromPromise */);
            ^

Error: connect ENETUNREACH 10.220.20.189:4040
    at TCPConnectWrap.afterConnect [as oncomplete] (node:net:1605:16) {
  errno: -4062,
  code: 'ENETUNREACH',
  syscall: 'connect',
  address: '10.220.20.189',
  port: 4040
}

Node.js v20.12.2
node:internal/process/promises:289
            triggerUncaughtException(err, true /* fromPromise */);
            ^

Error: connect ENETUNREACH 10.220.20.189:4040
    at TCPConnectWrap.afterConnect [as oncomplete] (node:net:1605:16) {
  errno: -4062,
  code: 'ENETUNREACH',
  syscall: 'connect',
  address: '10.220.20.189',
  port: 4040
}

Node.js v20.12.2
node:internal/process/promises:289
            triggerUncaughtException(err, true /* fromPromise */);
            ^

Error: connect ENETUNREACH 10.220.20.189:4040
    at TCPConnectWrap.afterConnect [as oncomplete] (node:net:1605:16) {
  errno: -4062,
  code: 'ENETUNREACH',
  syscall: 'connect',
  address: '10.220.20.189',
  port: 4040
}

Node.js v20.12.2
node:internal/process/promises:289
            triggerUncaughtException(err, true /* fromPromise */);
            ^

Error: connect ETIMEDOUT 10.220.20.189:4040
    at TCPConnectWrap.afterConnect [as oncomplete] (node:net:1605:16) {
  errno: -4039,
  code: 'ETIMEDOUT',
  syscall: 'connect',
  address: '10.220.20.189',
  port: 4040
}

Node.js v20.12.2
node:internal/process/promises:289
            triggerUncaughtException(err, true /* fromPromise */);
            ^

Error: connect ENETUNREACH 10.220.20.189:4040
    at TCPConnectWrap.afterConnect [as oncomplete] (node:net:1605:16) {
  errno: -4062,
  code: 'ENETUNREACH',
  syscall: 'connect',
  address: '10.220.20.189',
  port: 4040
}

Node.js v20.12.2
node:internal/process/promises:289
            triggerUncaughtException(err, true /* fromPromise */);
            ^

Error: connect ENETUNREACH 10.220.20.189:4040
    at TCPConnectWrap.afterConnect [as oncomplete] (node:net:1605:16) {
  errno: -4062,
  code: 'ENETUNREACH',
  syscall: 'connect',
  address: '10.220.20.189',
  port: 4040
}

Node.js v20.12.2
node:internal/process/promises:289
            triggerUncaughtException(err, true /* fromPromise */);
            ^

Error: connect ENETUNREACH 10.220.20.189:4040
    at TCPConnectWrap.afterConnect [as oncomplete] (node:net:1605:16) {
  errno: -4062,
  code: 'ENETUNREACH',
  syscall: 'connect',
  address: '10.220.20.189',
  port: 4040
}

Node.js v20.12.2
node:internal/process/promises:289
            triggerUncaughtException(err, true /* fromPromise */);
            ^

Error: connect ENETUNREACH 10.220.20.189:4040
    at TCPConnectWrap.afterConnect [as oncomplete] (node:net:1605:16) {
  errno: -4062,
  code: 'ENETUNREACH',
  syscall: 'connect',
  address: '10.220.20.189',
  port: 4040
}

Node.js v20.12.2
node:internal/process/promises:289
            triggerUncaughtException(err, true /* fromPromise */);
            ^

Error: connect ENETUNREACH 10.220.20.189:4040
    at TCPConnectWrap.afterConnect [as oncomplete] (node:net:1605:16) {
  errno: -4062,
  code: 'ENETUNREACH',
  syscall: 'connect',
  address: '10.220.20.189',
  port: 4040
}

Node.js v20.12.2
node:internal/process/promises:289
            triggerUncaughtException(err, true /* fromPromise */);
            ^

Error: connect ENETUNREACH 10.220.20.189:4040
    at TCPConnectWrap.afterConnect [as oncomplete] (node:net:1605:16) {
  errno: -4062,
  code: 'ENETUNREACH',
  syscall: 'connect',
  address: '10.220.20.189',
  port: 4040
}

Node.js v20.12.2
node:internal/process/promises:289
            triggerUncaughtException(err, true /* fromPromise */);
            ^

Error: connect ENETUNREACH 10.220.20.189:4040
    at TCPConnectWrap.afterConnect [as oncomplete] (node:net:1605:16) {
  errno: -4062,
  code: 'ENETUNREACH',
  syscall: 'connect',
  address: '10.220.20.189',
  port: 4040
}

Node.js v20.12.2
node:internal/process/promises:289
            triggerUncaughtException(err, true /* fromPromise */);
            ^

Error: connect ENETUNREACH 10.220.20.189:4040
    at TCPConnectWrap.afterConnect [as oncomplete] (node:net:1605:16) {
  errno: -4062,
  code: 'ENETUNREACH',
  syscall: 'connect',
  address: '10.220.20.189',
  port: 4040
}

Node.js v20.12.2
node:internal/process/promises:289
            triggerUncaughtException(err, true /* fromPromise */);
            ^

Error: connect ENETUNREACH 10.220.20.189:4040
    at TCPConnectWrap.afterConnect [as oncomplete] (node:net:1605:16) {
  errno: -4062,
  code: 'ENETUNREACH',
  syscall: 'connect',
  address: '10.220.20.189',
  port: 4040
}

Node.js v20.12.2
node:internal/process/promises:289
            triggerUncaughtException(err, true /* fromPromise */);
            ^

Error: connect ENETUNREACH 10.220.20.189:4040
    at TCPConnectWrap.afterConnect [as oncomplete] (node:net:1605:16) {
  errno: -4062,
  code: 'ENETUNREACH',
  syscall: 'connect',
  address: '10.220.20.189',
  port: 4040
}

Node.js v20.12.2
node:internal/process/promises:289
            triggerUncaughtException(err, true /* fromPromise */);
            ^

Error: connect ENETUNREACH 10.220.20.189:4040
    at TCPConnectWrap.afterConnect [as oncomplete] (node:net:1605:16) {
  errno: -4062,
  code: 'ENETUNREACH',
  syscall: 'connect',
  address: '10.220.20.189',
  port: 4040
}

Node.js v20.12.2
node:internal/process/promises:289
            triggerUncaughtException(err, true /* fromPromise */);
            ^

Error: connect ENETUNREACH 10.220.20.189:4040
    at TCPConnectWrap.afterConnect [as oncomplete] (node:net:1605:16) {
  errno: -4062,
  code: 'ENETUNREACH',
  syscall: 'connect',
  address: '10.220.20.189',
  port: 4040
}

Node.js v20.12.2
node:internal/process/promises:289
            triggerUncaughtException(err, true /* fromPromise */);
            ^

Error: connect ENETUNREACH 10.220.20.189:4040
    at TCPConnectWrap.afterConnect [as oncomplete] (node:net:1605:16) {
  errno: -4062,
  code: 'ENETUNREACH',
  syscall: 'connect',
  address: '10.220.20.189',
  port: 4040
}

Node.js v20.12.2
node:internal/process/promises:289
            triggerUncaughtException(err, true /* fromPromise */);
            ^

Error: connect ENETUNREACH 10.220.20.189:4040
    at TCPConnectWrap.afterConnect [as oncomplete] (node:net:1605:16) {
  errno: -4062,
  code: 'ENETUNREACH',
  syscall: 'connect',
  address: '10.220.20.189',
  port: 4040
}

Node.js v20.12.2
C:\Apps\map-monitor-client\parse.js:198
      MapStatus.btStatus = recentBtStatus.attribs;
                                          ^

TypeError: Cannot read properties of undefined (reading 'attribs')
    at DomHandler.callback (C:\Apps\map-monitor-client\parse.js:198:43)
    at DomHandler.handleCallback (C:\Apps\map-monitor-client\node_modules\domhandler\lib\index.js:139:18)
    at DomHandler.onend (C:\Apps\map-monitor-client\node_modules\domhandler\lib\index.js:77:14)
    at Parser.onend (C:\Apps\map-monitor-client\node_modules\htmlparser2\lib\Parser.js:398:78)
    at Tokenizer.finish (C:\Apps\map-monitor-client\node_modules\htmlparser2\lib\Tokenizer.js:734:18)
    at Tokenizer.end (C:\Apps\map-monitor-client\node_modules\htmlparser2\lib\Tokenizer.js:154:18)
    at Parser.end (C:\Apps\map-monitor-client\node_modules\htmlparser2\lib\Parser.js:478:24)
    at ReadStream.<anonymous> (C:\Apps\map-monitor-client\parse.js:265:12)
    at ReadStream.emit (node:events:518:28)
    at endReadableNT (node:internal/streams/readable:1696:12)

Node.js v20.12.2
C:\Apps\map-monitor-client\parse.js:198
      MapStatus.btStatus = recentBtStatus.attribs;
                                          ^

TypeError: Cannot read properties of undefined (reading 'attribs')
    at DomHandler.callback (C:\Apps\map-monitor-client\parse.js:198:43)
    at DomHandler.handleCallback (C:\Apps\map-monitor-client\node_modules\domhandler\lib\index.js:139:18)
    at DomHandler.onend (C:\Apps\map-monitor-client\node_modules\domhandler\lib\index.js:77:14)
    at Parser.onend (C:\Apps\map-monitor-client\node_modules\htmlparser2\lib\Parser.js:398:78)
    at Tokenizer.finish (C:\Apps\map-monitor-client\node_modules\htmlparser2\lib\Tokenizer.js:734:18)
    at Tokenizer.end (C:\Apps\map-monitor-client\node_modules\htmlparser2\lib\Tokenizer.js:154:18)
    at Parser.end (C:\Apps\map-monitor-client\node_modules\htmlparser2\lib\Parser.js:478:24)
    at ReadStream.<anonymous> (C:\Apps\map-monitor-client\parse.js:265:12)
    at ReadStream.emit (node:events:518:28)
    at endReadableNT (node:internal/streams/readable:1696:12)

Node.js v20.12.2
C:\Apps\map-monitor-client\parse.js:198
      MapStatus.btStatus = recentBtStatus.attribs;
                                          ^

TypeError: Cannot read properties of undefined (reading 'attribs')
    at DomHandler.callback (C:\Apps\map-monitor-client\parse.js:198:43)
    at DomHandler.handleCallback (C:\Apps\map-monitor-client\node_modules\domhandler\lib\index.js:139:18)
    at DomHandler.onend (C:\Apps\map-monitor-client\node_modules\domhandler\lib\index.js:77:14)
    at Parser.onend (C:\Apps\map-monitor-client\node_modules\htmlparser2\lib\Parser.js:398:78)
    at Tokenizer.finish (C:\Apps\map-monitor-client\node_modules\htmlparser2\lib\Tokenizer.js:734:18)
    at Tokenizer.end (C:\Apps\map-monitor-client\node_modules\htmlparser2\lib\Tokenizer.js:154:18)
    at Parser.end (C:\Apps\map-monitor-client\node_modules\htmlparser2\lib\Parser.js:478:24)
    at ReadStream.<anonymous> (C:\Apps\map-monitor-client\parse.js:265:12)
    at ReadStream.emit (node:events:518:28)
    at endReadableNT (node:internal/streams/readable:1696:12)

Node.js v20.12.2
C:\Apps\map-monitor-client\parse.js:198
      MapStatus.btStatus = recentBtStatus.attribs;
                                          ^

TypeError: Cannot read properties of undefined (reading 'attribs')
    at DomHandler.callback (C:\Apps\map-monitor-client\parse.js:198:43)
    at DomHandler.handleCallback (C:\Apps\map-monitor-client\node_modules\domhandler\lib\index.js:139:18)
    at DomHandler.onend (C:\Apps\map-monitor-client\node_modules\domhandler\lib\index.js:77:14)
    at Parser.onend (C:\Apps\map-monitor-client\node_modules\htmlparser2\lib\Parser.js:398:78)
    at Tokenizer.finish (C:\Apps\map-monitor-client\node_modules\htmlparser2\lib\Tokenizer.js:734:18)
    at Tokenizer.end (C:\Apps\map-monitor-client\node_modules\htmlparser2\lib\Tokenizer.js:154:18)
    at Parser.end (C:\Apps\map-monitor-client\node_modules\htmlparser2\lib\Parser.js:478:24)
    at ReadStream.<anonymous> (C:\Apps\map-monitor-client\parse.js:265:12)
    at ReadStream.emit (node:events:518:28)
    at endReadableNT (node:internal/streams/readable:1696:12)

Node.js v20.12.2
C:\Apps\map-monitor-client\parse.js:198
      MapStatus.btStatus = recentBtStatus.attribs;
                                          ^

TypeError: Cannot read properties of undefined (reading 'attribs')
    at DomHandler.callback (C:\Apps\map-monitor-client\parse.js:198:43)
    at DomHandler.handleCallback (C:\Apps\map-monitor-client\node_modules\domhandler\lib\index.js:139:18)
    at DomHandler.onend (C:\Apps\map-monitor-client\node_modules\domhandler\lib\index.js:77:14)
    at Parser.onend (C:\Apps\map-monitor-client\node_modules\htmlparser2\lib\Parser.js:398:78)
    at Tokenizer.finish (C:\Apps\map-monitor-client\node_modules\htmlparser2\lib\Tokenizer.js:734:18)
    at Tokenizer.end (C:\Apps\map-monitor-client\node_modules\htmlparser2\lib\Tokenizer.js:154:18)
    at Parser.end (C:\Apps\map-monitor-client\node_modules\htmlparser2\lib\Parser.js:478:24)
    at ReadStream.<anonymous> (C:\Apps\map-monitor-client\parse.js:265:12)
    at ReadStream.emit (node:events:518:28)
    at endReadableNT (node:internal/streams/readable:1696:12)

Node.js v20.12.2
C:\Apps\map-monitor-client\parse.js:198
      MapStatus.btStatus = recentBtStatus.attribs;
                                          ^

TypeError: Cannot read properties of undefined (reading 'attribs')
    at DomHandler.callback (C:\Apps\map-monitor-client\parse.js:198:43)
    at DomHandler.handleCallback (C:\Apps\map-monitor-client\node_modules\domhandler\lib\index.js:139:18)
    at DomHandler.onend (C:\Apps\map-monitor-client\node_modules\domhandler\lib\index.js:77:14)
    at Parser.onend (C:\Apps\map-monitor-client\node_modules\htmlparser2\lib\Parser.js:398:78)
    at Tokenizer.finish (C:\Apps\map-monitor-client\node_modules\htmlparser2\lib\Tokenizer.js:734:18)
    at Tokenizer.end (C:\Apps\map-monitor-client\node_modules\htmlparser2\lib\Tokenizer.js:154:18)
    at Parser.end (C:\Apps\map-monitor-client\node_modules\htmlparser2\lib\Parser.js:478:24)
    at ReadStream.<anonymous> (C:\Apps\map-monitor-client\parse.js:265:12)
    at ReadStream.emit (node:events:518:28)
    at endReadableNT (node:internal/streams/readable:1696:12)

Node.js v20.12.2
C:\Apps\map-monitor-client\parse.js:198
      MapStatus.btStatus = recentBtStatus.attribs;
                                          ^

TypeError: Cannot read properties of undefined (reading 'attribs')
    at DomHandler.callback (C:\Apps\map-monitor-client\parse.js:198:43)
    at DomHandler.handleCallback (C:\Apps\map-monitor-client\node_modules\domhandler\lib\index.js:139:18)
    at DomHandler.onend (C:\Apps\map-monitor-client\node_modules\domhandler\lib\index.js:77:14)
    at Parser.onend (C:\Apps\map-monitor-client\node_modules\htmlparser2\lib\Parser.js:398:78)
    at Tokenizer.finish (C:\Apps\map-monitor-client\node_modules\htmlparser2\lib\Tokenizer.js:734:18)
    at Tokenizer.end (C:\Apps\map-monitor-client\node_modules\htmlparser2\lib\Tokenizer.js:154:18)
    at Parser.end (C:\Apps\map-monitor-client\node_modules\htmlparser2\lib\Parser.js:478:24)
    at ReadStream.<anonymous> (C:\Apps\map-monitor-client\parse.js:265:12)
    at ReadStream.emit (node:events:518:28)
    at endReadableNT (node:internal/streams/readable:1696:12)

Node.js v20.12.2
C:\Apps\map-monitor-client\parse.js:198
      MapStatus.btStatus = recentBtStatus.attribs;
                                          ^

TypeError: Cannot read properties of undefined (reading 'attribs')
    at DomHandler.callback (C:\Apps\map-monitor-client\parse.js:198:43)
    at DomHandler.handleCallback (C:\Apps\map-monitor-client\node_modules\domhandler\lib\index.js:139:18)
    at DomHandler.onend (C:\Apps\map-monitor-client\node_modules\domhandler\lib\index.js:77:14)
    at Parser.onend (C:\Apps\map-monitor-client\node_modules\htmlparser2\lib\Parser.js:398:78)
    at Tokenizer.finish (C:\Apps\map-monitor-client\node_modules\htmlparser2\lib\Tokenizer.js:734:18)
    at Tokenizer.end (C:\Apps\map-monitor-client\node_modules\htmlparser2\lib\Tokenizer.js:154:18)
    at Parser.end (C:\Apps\map-monitor-client\node_modules\htmlparser2\lib\Parser.js:478:24)
    at ReadStream.<anonymous> (C:\Apps\map-monitor-client\parse.js:265:12)
    at ReadStream.emit (node:events:518:28)
    at endReadableNT (node:internal/streams/readable:1696:12)

Node.js v20.12.2
C:\Apps\map-monitor-client\parse.js:198
      MapStatus.btStatus = recentBtStatus.attribs;
                                          ^

TypeError: Cannot read properties of undefined (reading 'attribs')
    at DomHandler.callback (C:\Apps\map-monitor-client\parse.js:198:43)
    at DomHandler.handleCallback (C:\Apps\map-monitor-client\node_modules\domhandler\lib\index.js:139:18)
    at DomHandler.onend (C:\Apps\map-monitor-client\node_modules\domhandler\lib\index.js:77:14)
    at Parser.onend (C:\Apps\map-monitor-client\node_modules\htmlparser2\lib\Parser.js:398:78)
    at Tokenizer.finish (C:\Apps\map-monitor-client\node_modules\htmlparser2\lib\Tokenizer.js:734:18)
    at Tokenizer.end (C:\Apps\map-monitor-client\node_modules\htmlparser2\lib\Tokenizer.js:154:18)
    at Parser.end (C:\Apps\map-monitor-client\node_modules\htmlparser2\lib\Parser.js:478:24)
    at ReadStream.<anonymous> (C:\Apps\map-monitor-client\parse.js:265:12)
    at ReadStream.emit (node:events:518:28)
    at endReadableNT (node:internal/streams/readable:1696:12)

Node.js v20.12.2
C:\Apps\map-monitor-client\parse.js:198
      MapStatus.btStatus = recentBtStatus.attribs;
                                          ^

TypeError: Cannot read properties of undefined (reading 'attribs')
    at DomHandler.callback (C:\Apps\map-monitor-client\parse.js:198:43)
    at DomHandler.handleCallback (C:\Apps\map-monitor-client\node_modules\domhandler\lib\index.js:139:18)
    at DomHandler.onend (C:\Apps\map-monitor-client\node_modules\domhandler\lib\index.js:77:14)
    at Parser.onend (C:\Apps\map-monitor-client\node_modules\htmlparser2\lib\Parser.js:398:78)
    at Tokenizer.finish (C:\Apps\map-monitor-client\node_modules\htmlparser2\lib\Tokenizer.js:734:18)
    at Tokenizer.end (C:\Apps\map-monitor-client\node_modules\htmlparser2\lib\Tokenizer.js:154:18)
    at Parser.end (C:\Apps\map-monitor-client\node_modules\htmlparser2\lib\Parser.js:478:24)
    at ReadStream.<anonymous> (C:\Apps\map-monitor-client\parse.js:265:12)
    at ReadStream.emit (node:events:518:28)
    at endReadableNT (node:internal/streams/readable:1696:12)

Node.js v20.12.2
C:\Apps\map-monitor-client\parse.js:198
      MapStatus.btStatus = recentBtStatus.attribs;
                                          ^

TypeError: Cannot read properties of undefined (reading 'attribs')
    at DomHandler.callback (C:\Apps\map-monitor-client\parse.js:198:43)
    at DomHandler.handleCallback (C:\Apps\map-monitor-client\node_modules\domhandler\lib\index.js:139:18)
    at DomHandler.onend (C:\Apps\map-monitor-client\node_modules\domhandler\lib\index.js:77:14)
    at Parser.onend (C:\Apps\map-monitor-client\node_modules\htmlparser2\lib\Parser.js:398:78)
    at Tokenizer.finish (C:\Apps\map-monitor-client\node_modules\htmlparser2\lib\Tokenizer.js:734:18)
    at Tokenizer.end (C:\Apps\map-monitor-client\node_modules\htmlparser2\lib\Tokenizer.js:154:18)
    at Parser.end (C:\Apps\map-monitor-client\node_modules\htmlparser2\lib\Parser.js:478:24)
    at ReadStream.<anonymous> (C:\Apps\map-monitor-client\parse.js:265:12)
    at ReadStream.emit (node:events:518:28)
    at endReadableNT (node:internal/streams/readable:1696:12)

Node.js v20.12.2
C:\Apps\map-monitor-client\parse.js:198
      MapStatus.btStatus = recentBtStatus.attribs;
                                          ^

TypeError: Cannot read properties of undefined (reading 'attribs')
    at DomHandler.callback (C:\Apps\map-monitor-client\parse.js:198:43)
    at DomHandler.handleCallback (C:\Apps\map-monitor-client\node_modules\domhandler\lib\index.js:139:18)
    at DomHandler.onend (C:\Apps\map-monitor-client\node_modules\domhandler\lib\index.js:77:14)
    at Parser.onend (C:\Apps\map-monitor-client\node_modules\htmlparser2\lib\Parser.js:398:78)
    at Tokenizer.finish (C:\Apps\map-monitor-client\node_modules\htmlparser2\lib\Tokenizer.js:734:18)
    at Tokenizer.end (C:\Apps\map-monitor-client\node_modules\htmlparser2\lib\Tokenizer.js:154:18)
    at Parser.end (C:\Apps\map-monitor-client\node_modules\htmlparser2\lib\Parser.js:478:24)
    at ReadStream.<anonymous> (C:\Apps\map-monitor-client\parse.js:265:12)
    at ReadStream.emit (node:events:518:28)
    at endReadableNT (node:internal/streams/readable:1696:12)

Node.js v20.12.2
C:\Apps\map-monitor-client\parse.js:198
      MapStatus.btStatus = recentBtStatus.attribs;
                                          ^

TypeError: Cannot read properties of undefined (reading 'attribs')
    at DomHandler.callback (C:\Apps\map-monitor-client\parse.js:198:43)
    at DomHandler.handleCallback (C:\Apps\map-monitor-client\node_modules\domhandler\lib\index.js:139:18)
    at DomHandler.onend (C:\Apps\map-monitor-client\node_modules\domhandler\lib\index.js:77:14)
    at Parser.onend (C:\Apps\map-monitor-client\node_modules\htmlparser2\lib\Parser.js:398:78)
    at Tokenizer.finish (C:\Apps\map-monitor-client\node_modules\htmlparser2\lib\Tokenizer.js:734:18)
    at Tokenizer.end (C:\Apps\map-monitor-client\node_modules\htmlparser2\lib\Tokenizer.js:154:18)
    at Parser.end (C:\Apps\map-monitor-client\node_modules\htmlparser2\lib\Parser.js:478:24)
    at ReadStream.<anonymous> (C:\Apps\map-monitor-client\parse.js:265:12)
    at ReadStream.emit (node:events:518:28)
    at endReadableNT (node:internal/streams/readable:1696:12)

Node.js v20.12.2
node:internal/process/promises:289
            triggerUncaughtException(err, true /* fromPromise */);
            ^

Error: connect ENETUNREACH 10.220.20.189:4040
    at TCPConnectWrap.afterConnect [as oncomplete] (node:net:1605:16) {
  errno: -4062,
  code: 'ENETUNREACH',
  syscall: 'connect',
  address: '10.220.20.189',
  port: 4040
}

Node.js v20.12.2
node:internal/process/promises:289
            triggerUncaughtException(err, true /* fromPromise */);
            ^

Error: connect ENETUNREACH 10.220.20.189:4040
    at TCPConnectWrap.afterConnect [as oncomplete] (node:net:1605:16) {
  errno: -4062,
  code: 'ENETUNREACH',
  syscall: 'connect',
  address: '10.220.20.189',
  port: 4040
}

Node.js v20.12.2
node:internal/process/promises:289
            triggerUncaughtException(err, true /* fromPromise */);
            ^

Error: connect ENETUNREACH 10.220.20.189:4040
    at TCPConnectWrap.afterConnect [as oncomplete] (node:net:1605:16) {
  errno: -4062,
  code: 'ENETUNREACH',
  syscall: 'connect',
  address: '10.220.20.189',
  port: 4040
}

Node.js v20.12.2
node:events:496
      throw er; // Unhandled 'error' event
      ^

Error: listen EADDRINUSE: address already in use :::6000
    at Server.setupListenHandle [as _listen2] (node:net:1897:16)
    at listenInCluster (node:net:1945:12)
    at Server.listen (node:net:2037:7)
    at Object.<anonymous> (C:\Apps\map-monitor-client\watch.js:68:8)
    at Module._compile (node:internal/modules/cjs/loader:1369:14)
    at Module._extensions..js (node:internal/modules/cjs/loader:1427:10)
    at Module.load (node:internal/modules/cjs/loader:1206:32)
    at Module._load (node:internal/modules/cjs/loader:1022:12)
    at Module.require (node:internal/modules/cjs/loader:1231:19)
    at require (node:internal/modules/helpers:179:18)
Emitted 'error' event on Server instance at:
    at emitErrorNT (node:net:1924:8)
    at process.processTicksAndRejections (node:internal/process/task_queues:82:21) {
  code: 'EADDRINUSE',
  errno: -4091,
  syscall: 'listen',
  address: '::',
  port: 6000
}

Node.js v20.12.2
node:events:496
      throw er; // Unhandled 'error' event
      ^

Error: listen EADDRINUSE: address already in use :::6000
    at Server.setupListenHandle [as _listen2] (node:net:1897:16)
    at listenInCluster (node:net:1945:12)
    at Server.listen (node:net:2037:7)
    at Object.<anonymous> (C:\Apps\map-monitor-client\watch.js:68:8)
    at Module._compile (node:internal/modules/cjs/loader:1369:14)
    at Module._extensions..js (node:internal/modules/cjs/loader:1427:10)
    at Module.load (node:internal/modules/cjs/loader:1206:32)
    at Module._load (node:internal/modules/cjs/loader:1022:12)
    at Module.require (node:internal/modules/cjs/loader:1231:19)
    at require (node:internal/modules/helpers:179:18)
Emitted 'error' event on Server instance at:
    at emitErrorNT (node:net:1924:8)
    at process.processTicksAndRejections (node:internal/process/task_queues:82:21) {
  code: 'EADDRINUSE',
  errno: -4091,
  syscall: 'listen',
  address: '::',
  port: 6000
}

Node.js v20.12.2
node:events:496
      throw er; // Unhandled 'error' event
      ^

Error: listen EADDRINUSE: address already in use :::6000
    at Server.setupListenHandle [as _listen2] (node:net:1897:16)
    at listenInCluster (node:net:1945:12)
    at Server.listen (node:net:2037:7)
    at Object.<anonymous> (C:\Apps\map-monitor-client\watch.js:68:8)
    at Module._compile (node:internal/modules/cjs/loader:1369:14)
    at Module._extensions..js (node:internal/modules/cjs/loader:1427:10)
    at Module.load (node:internal/modules/cjs/loader:1206:32)
    at Module._load (node:internal/modules/cjs/loader:1022:12)
    at Module.require (node:internal/modules/cjs/loader:1231:19)
    at require (node:internal/modules/helpers:179:18)
Emitted 'error' event on Server instance at:
    at emitErrorNT (node:net:1924:8)
    at process.processTicksAndRejections (node:internal/process/task_queues:82:21) {
  code: 'EADDRINUSE',
  errno: -4091,
  syscall: 'listen',
  address: '::',
  port: 6000
}

Node.js v20.12.2
node:events:496
      throw er; // Unhandled 'error' event
      ^

Error: listen EADDRINUSE: address already in use :::6000
    at Server.setupListenHandle [as _listen2] (node:net:1897:16)
    at listenInCluster (node:net:1945:12)
    at Server.listen (node:net:2037:7)
    at Object.<anonymous> (C:\Apps\map-monitor-client\watch.js:68:8)
    at Module._compile (node:internal/modules/cjs/loader:1369:14)
    at Module._extensions..js (node:internal/modules/cjs/loader:1427:10)
    at Module.load (node:internal/modules/cjs/loader:1206:32)
    at Module._load (node:internal/modules/cjs/loader:1022:12)
    at Module.require (node:internal/modules/cjs/loader:1231:19)
    at require (node:internal/modules/helpers:179:18)
Emitted 'error' event on Server instance at:
    at emitErrorNT (node:net:1924:8)
    at process.processTicksAndRejections (node:internal/process/task_queues:82:21) {
  code: 'EADDRINUSE',
  errno: -4091,
  syscall: 'listen',
  address: '::',
  port: 6000
}

Node.js v20.12.2
node:events:496
      throw er; // Unhandled 'error' event
      ^

Error: listen EADDRINUSE: address already in use :::6000
    at Server.setupListenHandle [as _listen2] (node:net:1897:16)
    at listenInCluster (node:net:1945:12)
    at Server.listen (node:net:2037:7)
    at Object.<anonymous> (C:\Apps\map-monitor-client\watch.js:68:8)
    at Module._compile (node:internal/modules/cjs/loader:1369:14)
    at Module._extensions..js (node:internal/modules/cjs/loader:1427:10)
    at Module.load (node:internal/modules/cjs/loader:1206:32)
    at Module._load (node:internal/modules/cjs/loader:1022:12)
    at Module.require (node:internal/modules/cjs/loader:1231:19)
    at require (node:internal/modules/helpers:179:18)
Emitted 'error' event on Server instance at:
    at emitErrorNT (node:net:1924:8)
    at process.processTicksAndRejections (node:internal/process/task_queues:82:21) {
  code: 'EADDRINUSE',
  errno: -4091,
  syscall: 'listen',
  address: '::',
  port: 6000
}

Node.js v20.12.2
node:events:496
      throw er; // Unhandled 'error' event
      ^

Error: listen EADDRINUSE: address already in use :::6000
    at Server.setupListenHandle [as _listen2] (node:net:1897:16)
    at listenInCluster (node:net:1945:12)
    at Server.listen (node:net:2037:7)
    at Object.<anonymous> (C:\Apps\map-monitor-client\watch.js:68:8)
    at Module._compile (node:internal/modules/cjs/loader:1369:14)
    at Module._extensions..js (node:internal/modules/cjs/loader:1427:10)
    at Module.load (node:internal/modules/cjs/loader:1206:32)
    at Module._load (node:internal/modules/cjs/loader:1022:12)
    at Module.require (node:internal/modules/cjs/loader:1231:19)
    at require (node:internal/modules/helpers:179:18)
Emitted 'error' event on Server instance at:
    at emitErrorNT (node:net:1924:8)
    at process.processTicksAndRejections (node:internal/process/task_queues:82:21) {
  code: 'EADDRINUSE',
  errno: -4091,
  syscall: 'listen',
  address: '::',
  port: 6000
}

Node.js v20.12.2
node:internal/process/promises:289
            triggerUncaughtException(err, true /* fromPromise */);
            ^

Error: connect ENETUNREACH 10.220.20.189:4040
    at TCPConnectWrap.afterConnect [as oncomplete] (node:net:1605:16) {
  errno: -4062,
  code: 'ENETUNREACH',
  syscall: 'connect',
  address: '10.220.20.189',
  port: 4040
}

Node.js v20.12.2
node:internal/process/promises:289
            triggerUncaughtException(err, true /* fromPromise */);
            ^

Error: connect ENETUNREACH 10.220.20.189:4040
    at TCPConnectWrap.afterConnect [as oncomplete] (node:net:1605:16) {
  errno: -4062,
  code: 'ENETUNREACH',
  syscall: 'connect',
  address: '10.220.20.189',
  port: 4040
}

Node.js v20.12.2
node:internal/process/promises:289
            triggerUncaughtException(err, true /* fromPromise */);
            ^

Error: connect ENETUNREACH 10.220.20.189:4040
    at TCPConnectWrap.afterConnect [as oncomplete] (node:net:1605:16) {
  errno: -4062,
  code: 'ENETUNREACH',
  syscall: 'connect',
  address: '10.220.20.189',
  port: 4040
}

Node.js v20.12.2
node:internal/process/promises:289
            triggerUncaughtException(err, true /* fromPromise */);
            ^

Error: connect ENETUNREACH 10.220.20.189:4040
    at TCPConnectWrap.afterConnect [as oncomplete] (node:net:1605:16) {
  errno: -4062,
  code: 'ENETUNREACH',
  syscall: 'connect',
  address: '10.220.20.189',
  port: 4040
}

Node.js v20.12.2
node:internal/process/promises:289
            triggerUncaughtException(err, true /* fromPromise */);
            ^

Error: connect ENETUNREACH 10.220.20.189:4040
    at TCPConnectWrap.afterConnect [as oncomplete] (node:net:1605:16) {
  errno: -4062,
  code: 'ENETUNREACH',
  syscall: 'connect',
  address: '10.220.20.189',
  port: 4040
}

Node.js v20.12.2
node:internal/process/promises:289
            triggerUncaughtException(err, true /* fromPromise */);
            ^

Error: connect ENETUNREACH 10.220.20.189:4040
    at TCPConnectWrap.afterConnect [as oncomplete] (node:net:1605:16) {
  errno: -4062,
  code: 'ENETUNREACH',
  syscall: 'connect',
  address: '10.220.20.189',
  port: 4040
}

Node.js v20.12.2
node:internal/process/promises:289
            triggerUncaughtException(err, true /* fromPromise */);
            ^

Error: connect ENETUNREACH 10.220.20.189:4040
    at TCPConnectWrap.afterConnect [as oncomplete] (node:net:1605:16) {
  errno: -4062,
  code: 'ENETUNREACH',
  syscall: 'connect',
  address: '10.220.20.189',
  port: 4040
}

Node.js v20.12.2
node:internal/process/promises:289
            triggerUncaughtException(err, true /* fromPromise */);
            ^

Error: connect ENETUNREACH 10.220.20.189:4040
    at TCPConnectWrap.afterConnect [as oncomplete] (node:net:1605:16) {
  errno: -4062,
  code: 'ENETUNREACH',
  syscall: 'connect',
  address: '10.220.20.189',
  port: 4040
}

Node.js v20.12.2
node:internal/process/promises:289
            triggerUncaughtException(err, true /* fromPromise */);
            ^

Error: connect ENETUNREACH 10.220.20.189:4040
    at TCPConnectWrap.afterConnect [as oncomplete] (node:net:1605:16) {
  errno: -4062,
  code: 'ENETUNREACH',
  syscall: 'connect',
  address: '10.220.20.189',
  port: 4040
}

Node.js v20.12.2
C:\Apps\map-monitor-client\watch.js:30
    .watch(cuppsfsFileName, {ignorePermissionErrors: true, usePolling: true, interval: 5000)
                                                                                           ^

SyntaxError: Unexpected token ')'
    at internalCompileFunction (node:internal/vm:128:18)
    at wrapSafe (node:internal/modules/cjs/loader:1280:20)
    at Module._compile (node:internal/modules/cjs/loader:1332:27)
    at Module._extensions..js (node:internal/modules/cjs/loader:1427:10)
    at Module.load (node:internal/modules/cjs/loader:1206:32)
    at Module._load (node:internal/modules/cjs/loader:1022:12)
    at Module.require (node:internal/modules/cjs/loader:1231:19)
    at require (node:internal/modules/helpers:179:18)
    at Object.<anonymous> (C:\Apps\map-monitor-client\runnables\run-client.js:1:17)
    at Module._compile (node:internal/modules/cjs/loader:1369:14)

Node.js v20.12.2
C:\Apps\map-monitor-client\watch.js:30
    .watch(cuppsfsFileName, {ignorePermissionErrors: true, usePolling: true, interval: 5000)
                                                                                           ^

SyntaxError: Unexpected token ')'
    at internalCompileFunction (node:internal/vm:128:18)
    at wrapSafe (node:internal/modules/cjs/loader:1280:20)
    at Module._compile (node:internal/modules/cjs/loader:1332:27)
    at Module._extensions..js (node:internal/modules/cjs/loader:1427:10)
    at Module.load (node:internal/modules/cjs/loader:1206:32)
    at Module._load (node:internal/modules/cjs/loader:1022:12)
    at Module.require (node:internal/modules/cjs/loader:1231:19)
    at require (node:internal/modules/helpers:179:18)
    at Object.<anonymous> (C:\Apps\map-monitor-client\runnables\run-client.js:1:17)
    at Module._compile (node:internal/modules/cjs/loader:1369:14)

Node.js v20.12.2
C:\Apps\map-monitor-client\watch.js:30
    .watch(cuppsfsFileName, {ignorePermissionErrors: true, usePolling: true, interval: 5000)
                                                                                           ^

SyntaxError: Unexpected token ')'
    at internalCompileFunction (node:internal/vm:128:18)
    at wrapSafe (node:internal/modules/cjs/loader:1280:20)
    at Module._compile (node:internal/modules/cjs/loader:1332:27)
    at Module._extensions..js (node:internal/modules/cjs/loader:1427:10)
    at Module.load (node:internal/modules/cjs/loader:1206:32)
    at Module._load (node:internal/modules/cjs/loader:1022:12)
    at Module.require (node:internal/modules/cjs/loader:1231:19)
    at require (node:internal/modules/helpers:179:18)
    at Object.<anonymous> (C:\Apps\map-monitor-client\runnables\run-client.js:1:17)
    at Module._compile (node:internal/modules/cjs/loader:1369:14)

Node.js v20.12.2
C:\Apps\map-monitor-client\watch.js:30
    .watch(cuppsfsFileName, {ignorePermissionErrors: true, usePolling: true, interval: 5000)
                                                                                           ^

SyntaxError: Unexpected token ')'
    at internalCompileFunction (node:internal/vm:128:18)
    at wrapSafe (node:internal/modules/cjs/loader:1280:20)
    at Module._compile (node:internal/modules/cjs/loader:1332:27)
    at Module._extensions..js (node:internal/modules/cjs/loader:1427:10)
    at Module.load (node:internal/modules/cjs/loader:1206:32)
    at Module._load (node:internal/modules/cjs/loader:1022:12)
    at Module.require (node:internal/modules/cjs/loader:1231:19)
    at require (node:internal/modules/helpers:179:18)
    at Object.<anonymous> (C:\Apps\map-monitor-client\runnables\run-client.js:1:17)
    at Module._compile (node:internal/modules/cjs/loader:1369:14)

Node.js v20.12.2
C:\Apps\map-monitor-client\watch.js:30
    .watch(cuppsfsFileName, {ignorePermissionErrors: true, usePolling: true, interval: 5000)
                                                                                           ^

SyntaxError: Unexpected token ')'
    at internalCompileFunction (node:internal/vm:128:18)
    at wrapSafe (node:internal/modules/cjs/loader:1280:20)
    at Module._compile (node:internal/modules/cjs/loader:1332:27)
    at Module._extensions..js (node:internal/modules/cjs/loader:1427:10)
    at Module.load (node:internal/modules/cjs/loader:1206:32)
    at Module._load (node:internal/modules/cjs/loader:1022:12)
    at Module.require (node:internal/modules/cjs/loader:1231:19)
    at require (node:internal/modules/helpers:179:18)
    at Object.<anonymous> (C:\Apps\map-monitor-client\runnables\run-client.js:1:17)
    at Module._compile (node:internal/modules/cjs/loader:1369:14)

Node.js v20.12.2
C:\Apps\map-monitor-client\watch.js:30
    .watch(cuppsfsFileName, {ignorePermissionErrors: true, usePolling: true, interval: 5000)
                                                                                           ^

SyntaxError: Unexpected token ')'
    at internalCompileFunction (node:internal/vm:128:18)
    at wrapSafe (node:internal/modules/cjs/loader:1280:20)
    at Module._compile (node:internal/modules/cjs/loader:1332:27)
    at Module._extensions..js (node:internal/modules/cjs/loader:1427:10)
    at Module.load (node:internal/modules/cjs/loader:1206:32)
    at Module._load (node:internal/modules/cjs/loader:1022:12)
    at Module.require (node:internal/modules/cjs/loader:1231:19)
    at require (node:internal/modules/helpers:179:18)
    at Object.<anonymous> (C:\Apps\map-monitor-client\runnables\run-client.js:1:17)
    at Module._compile (node:internal/modules/cjs/loader:1369:14)

Node.js v20.12.2
C:\Apps\map-monitor-client\watch.js:30
    .watch(cuppsfsFileName, {ignorePermissionErrors: true, usePolling: true, interval: 5000)
                                                                                           ^

SyntaxError: Unexpected token ')'
    at internalCompileFunction (node:internal/vm:128:18)
    at wrapSafe (node:internal/modules/cjs/loader:1280:20)
    at Module._compile (node:internal/modules/cjs/loader:1332:27)
    at Module._extensions..js (node:internal/modules/cjs/loader:1427:10)
    at Module.load (node:internal/modules/cjs/loader:1206:32)
    at Module._load (node:internal/modules/cjs/loader:1022:12)
    at Module.require (node:internal/modules/cjs/loader:1231:19)
    at require (node:internal/modules/helpers:179:18)
    at Object.<anonymous> (C:\Apps\map-monitor-client\runnables\run-client.js:1:17)
    at Module._compile (node:internal/modules/cjs/loader:1369:14)

Node.js v20.12.2
C:\Apps\map-monitor-client\watch.js:30
    .watch(cuppsfsFileName, {ignorePermissionErrors: true, usePolling: true, interval: 5000)
                                                                                           ^

SyntaxError: Unexpected token ')'
    at internalCompileFunction (node:internal/vm:128:18)
    at wrapSafe (node:internal/modules/cjs/loader:1280:20)
    at Module._compile (node:internal/modules/cjs/loader:1332:27)
    at Module._extensions..js (node:internal/modules/cjs/loader:1427:10)
    at Module.load (node:internal/modules/cjs/loader:1206:32)
    at Module._load (node:internal/modules/cjs/loader:1022:12)
    at Module.require (node:internal/modules/cjs/loader:1231:19)
    at require (node:internal/modules/helpers:179:18)
    at Object.<anonymous> (C:\Apps\map-monitor-client\runnables\run-client.js:1:17)
    at Module._compile (node:internal/modules/cjs/loader:1369:14)

Node.js v20.12.2
C:\Apps\map-monitor-client\watch.js:30
    .watch(cuppsfsFileName, {ignorePermissionErrors: true, usePolling: true, interval: 5000)
                                                                                           ^

SyntaxError: Unexpected token ')'
    at internalCompileFunction (node:internal/vm:128:18)
    at wrapSafe (node:internal/modules/cjs/loader:1280:20)
    at Module._compile (node:internal/modules/cjs/loader:1332:27)
    at Module._extensions..js (node:internal/modules/cjs/loader:1427:10)
    at Module.load (node:internal/modules/cjs/loader:1206:32)
    at Module._load (node:internal/modules/cjs/loader:1022:12)
    at Module.require (node:internal/modules/cjs/loader:1231:19)
    at require (node:internal/modules/helpers:179:18)
    at Object.<anonymous> (C:\Apps\map-monitor-client\runnables\run-client.js:1:17)
    at Module._compile (node:internal/modules/cjs/loader:1369:14)

Node.js v20.12.2
node:internal/process/promises:289
            triggerUncaughtException(err, true /* fromPromise */);
            ^

Error: connect ENETUNREACH 10.220.20.189:4040
    at TCPConnectWrap.afterConnect [as oncomplete] (node:net:1605:16) {
  errno: -4062,
  code: 'ENETUNREACH',
  syscall: 'connect',
  address: '10.220.20.189',
  port: 4040
}

Node.js v20.12.2
node:internal/process/promises:289
            triggerUncaughtException(err, true /* fromPromise */);
            ^

Error: connect ENETUNREACH 10.220.20.189:4040
    at TCPConnectWrap.afterConnect [as oncomplete] (node:net:1605:16) {
  errno: -4062,
  code: 'ENETUNREACH',
  syscall: 'connect',
  address: '10.220.20.189',
  port: 4040
}

Node.js v20.12.2
node:internal/process/promises:289
            triggerUncaughtException(err, true /* fromPromise */);
            ^

Error: connect ENETUNREACH 10.220.20.189:4040
    at TCPConnectWrap.afterConnect [as oncomplete] (node:net:1605:16) {
  errno: -4062,
  code: 'ENETUNREACH',
  syscall: 'connect',
  address: '10.220.20.189',
  port: 4040
}

Node.js v20.12.2
node:internal/process/promises:289
            triggerUncaughtException(err, true /* fromPromise */);
            ^

Error: connect ENETUNREACH 10.220.20.189:4040
    at TCPConnectWrap.afterConnect [as oncomplete] (node:net:1605:16) {
  errno: -4062,
  code: 'ENETUNREACH',
  syscall: 'connect',
  address: '10.220.20.189',
  port: 4040
}

Node.js v20.12.2
node:internal/process/promises:289
            triggerUncaughtException(err, true /* fromPromise */);
            ^

Error: connect ENETUNREACH 10.220.20.189:4040
    at TCPConnectWrap.afterConnect [as oncomplete] (node:net:1605:16) {
  errno: -4062,
  code: 'ENETUNREACH',
  syscall: 'connect',
  address: '10.220.20.189',
  port: 4040
}

Node.js v20.12.2
node:internal/process/promises:289
            triggerUncaughtException(err, true /* fromPromise */);
            ^

Error: connect ENETUNREACH 10.220.20.189:4040
    at TCPConnectWrap.afterConnect [as oncomplete] (node:net:1605:16) {
  errno: -4062,
  code: 'ENETUNREACH',
  syscall: 'connect',
  address: '10.220.20.189',
  port: 4040
}

Node.js v20.12.2
node:internal/process/promises:289
            triggerUncaughtException(err, true /* fromPromise */);
            ^

Error: connect ECONNREFUSED 10.220.20.189:4040
    at TCPConnectWrap.afterConnect [as oncomplete] (node:net:1605:16) {
  errno: -4078,
  code: 'ECONNREFUSED',
  syscall: 'connect',
  address: '10.220.20.189',
  port: 4040
}

Node.js v20.12.2
node:internal/process/promises:289
            triggerUncaughtException(err, true /* fromPromise */);
            ^

Error: connect ECONNREFUSED 10.220.20.189:4040
    at TCPConnectWrap.afterConnect [as oncomplete] (node:net:1605:16) {
  errno: -4078,
  code: 'ECONNREFUSED',
  syscall: 'connect',
  address: '10.220.20.189',
  port: 4040
}

Node.js v20.12.2
node:internal/process/promises:289
            triggerUncaughtException(err, true /* fromPromise */);
            ^

Error: connect ECONNREFUSED 10.220.20.189:4040
    at TCPConnectWrap.afterConnect [as oncomplete] (node:net:1605:16) {
  errno: -4078,
  code: 'ECONNREFUSED',
  syscall: 'connect',
  address: '10.220.20.189',
  port: 4040
}

Node.js v20.12.2
C:\Apps\map-monitor-client\parse.js:198
      MapStatus.btStatus = recentBtStatus.attribs;
                                          ^

TypeError: Cannot read properties of undefined (reading 'attribs')
    at DomHandler.callback (C:\Apps\map-monitor-client\parse.js:198:43)
    at DomHandler.handleCallback (C:\Apps\map-monitor-client\node_modules\domhandler\lib\index.js:139:18)
    at DomHandler.onend (C:\Apps\map-monitor-client\node_modules\domhandler\lib\index.js:77:14)
    at Parser.onend (C:\Apps\map-monitor-client\node_modules\htmlparser2\lib\Parser.js:398:78)
    at Tokenizer.finish (C:\Apps\map-monitor-client\node_modules\htmlparser2\lib\Tokenizer.js:734:18)
    at Tokenizer.end (C:\Apps\map-monitor-client\node_modules\htmlparser2\lib\Tokenizer.js:154:18)
    at Parser.end (C:\Apps\map-monitor-client\node_modules\htmlparser2\lib\Parser.js:478:24)
    at ReadStream.<anonymous> (C:\Apps\map-monitor-client\parse.js:265:12)
    at ReadStream.emit (node:events:518:28)
    at endReadableNT (node:internal/streams/readable:1696:12)

Node.js v20.12.2
C:\Apps\map-monitor-client\parse.js:198
      MapStatus.btStatus = recentBtStatus.attribs;
                                          ^

TypeError: Cannot read properties of undefined (reading 'attribs')
    at DomHandler.callback (C:\Apps\map-monitor-client\parse.js:198:43)
    at DomHandler.handleCallback (C:\Apps\map-monitor-client\node_modules\domhandler\lib\index.js:139:18)
    at DomHandler.onend (C:\Apps\map-monitor-client\node_modules\domhandler\lib\index.js:77:14)
    at Parser.onend (C:\Apps\map-monitor-client\node_modules\htmlparser2\lib\Parser.js:398:78)
    at Tokenizer.finish (C:\Apps\map-monitor-client\node_modules\htmlparser2\lib\Tokenizer.js:734:18)
    at Tokenizer.end (C:\Apps\map-monitor-client\node_modules\htmlparser2\lib\Tokenizer.js:154:18)
    at Parser.end (C:\Apps\map-monitor-client\node_modules\htmlparser2\lib\Parser.js:478:24)
    at ReadStream.<anonymous> (C:\Apps\map-monitor-client\parse.js:265:12)
    at ReadStream.emit (node:events:518:28)
    at endReadableNT (node:internal/streams/readable:1696:12)

Node.js v20.12.2
C:\Apps\map-monitor-client\parse.js:198
      MapStatus.btStatus = recentBtStatus.attribs;
                                          ^

TypeError: Cannot read properties of undefined (reading 'attribs')
    at DomHandler.callback (C:\Apps\map-monitor-client\parse.js:198:43)
    at DomHandler.handleCallback (C:\Apps\map-monitor-client\node_modules\domhandler\lib\index.js:139:18)
    at DomHandler.onend (C:\Apps\map-monitor-client\node_modules\domhandler\lib\index.js:77:14)
    at Parser.onend (C:\Apps\map-monitor-client\node_modules\htmlparser2\lib\Parser.js:398:78)
    at Tokenizer.finish (C:\Apps\map-monitor-client\node_modules\htmlparser2\lib\Tokenizer.js:734:18)
    at Tokenizer.end (C:\Apps\map-monitor-client\node_modules\htmlparser2\lib\Tokenizer.js:154:18)
    at Parser.end (C:\Apps\map-monitor-client\node_modules\htmlparser2\lib\Parser.js:478:24)
    at ReadStream.<anonymous> (C:\Apps\map-monitor-client\parse.js:265:12)
    at ReadStream.emit (node:events:518:28)
    at endReadableNT (node:internal/streams/readable:1696:12)

Node.js v20.12.2
C:\Apps\map-monitor-client\parse.js:198
      MapStatus.btStatus = recentBtStatus.attribs;
                                          ^

TypeError: Cannot read properties of undefined (reading 'attribs')
    at DomHandler.callback (C:\Apps\map-monitor-client\parse.js:198:43)
    at DomHandler.handleCallback (C:\Apps\map-monitor-client\node_modules\domhandler\lib\index.js:139:18)
    at DomHandler.onend (C:\Apps\map-monitor-client\node_modules\domhandler\lib\index.js:77:14)
    at Parser.onend (C:\Apps\map-monitor-client\node_modules\htmlparser2\lib\Parser.js:398:78)
    at Tokenizer.finish (C:\Apps\map-monitor-client\node_modules\htmlparser2\lib\Tokenizer.js:734:18)
    at Tokenizer.end (C:\Apps\map-monitor-client\node_modules\htmlparser2\lib\Tokenizer.js:154:18)
    at Parser.end (C:\Apps\map-monitor-client\node_modules\htmlparser2\lib\Parser.js:478:24)
    at ReadStream.<anonymous> (C:\Apps\map-monitor-client\parse.js:265:12)
    at ReadStream.emit (node:events:518:28)
    at endReadableNT (node:internal/streams/readable:1696:12)

Node.js v20.12.2
C:\Apps\map-monitor-client\parse.js:198
      MapStatus.btStatus = recentBtStatus.attribs;
                                          ^

TypeError: Cannot read properties of undefined (reading 'attribs')
    at DomHandler.callback (C:\Apps\map-monitor-client\parse.js:198:43)
    at DomHandler.handleCallback (C:\Apps\map-monitor-client\node_modules\domhandler\lib\index.js:139:18)
    at DomHandler.onend (C:\Apps\map-monitor-client\node_modules\domhandler\lib\index.js:77:14)
    at Parser.onend (C:\Apps\map-monitor-client\node_modules\htmlparser2\lib\Parser.js:398:78)
    at Tokenizer.finish (C:\Apps\map-monitor-client\node_modules\htmlparser2\lib\Tokenizer.js:734:18)
    at Tokenizer.end (C:\Apps\map-monitor-client\node_modules\htmlparser2\lib\Tokenizer.js:154:18)
    at Parser.end (C:\Apps\map-monitor-client\node_modules\htmlparser2\lib\Parser.js:478:24)
    at ReadStream.<anonymous> (C:\Apps\map-monitor-client\parse.js:265:12)
    at ReadStream.emit (node:events:518:28)
    at endReadableNT (node:internal/streams/readable:1696:12)

Node.js v20.12.2
C:\Apps\map-monitor-client\parse.js:198
      MapStatus.btStatus = recentBtStatus.attribs;
                                          ^

TypeError: Cannot read properties of undefined (reading 'attribs')
    at DomHandler.callback (C:\Apps\map-monitor-client\parse.js:198:43)
    at DomHandler.handleCallback (C:\Apps\map-monitor-client\node_modules\domhandler\lib\index.js:139:18)
    at DomHandler.onend (C:\Apps\map-monitor-client\node_modules\domhandler\lib\index.js:77:14)
    at Parser.onend (C:\Apps\map-monitor-client\node_modules\htmlparser2\lib\Parser.js:398:78)
    at Tokenizer.finish (C:\Apps\map-monitor-client\node_modules\htmlparser2\lib\Tokenizer.js:734:18)
    at Tokenizer.end (C:\Apps\map-monitor-client\node_modules\htmlparser2\lib\Tokenizer.js:154:18)
    at Parser.end (C:\Apps\map-monitor-client\node_modules\htmlparser2\lib\Parser.js:478:24)
    at ReadStream.<anonymous> (C:\Apps\map-monitor-client\parse.js:265:12)
    at ReadStream.emit (node:events:518:28)
    at endReadableNT (node:internal/streams/readable:1696:12)

Node.js v20.12.2
C:\Apps\map-monitor-client\parse.js:198
      MapStatus.btStatus = recentBtStatus.attribs;
                                          ^

TypeError: Cannot read properties of undefined (reading 'attribs')
    at DomHandler.callback (C:\Apps\map-monitor-client\parse.js:198:43)
    at DomHandler.handleCallback (C:\Apps\map-monitor-client\node_modules\domhandler\lib\index.js:139:18)
    at DomHandler.onend (C:\Apps\map-monitor-client\node_modules\domhandler\lib\index.js:77:14)
    at Parser.onend (C:\Apps\map-monitor-client\node_modules\htmlparser2\lib\Parser.js:398:78)
    at Tokenizer.finish (C:\Apps\map-monitor-client\node_modules\htmlparser2\lib\Tokenizer.js:734:18)
    at Tokenizer.end (C:\Apps\map-monitor-client\node_modules\htmlparser2\lib\Tokenizer.js:154:18)
    at Parser.end (C:\Apps\map-monitor-client\node_modules\htmlparser2\lib\Parser.js:478:24)
    at ReadStream.<anonymous> (C:\Apps\map-monitor-client\parse.js:265:12)
    at ReadStream.emit (node:events:518:28)
    at endReadableNT (node:internal/streams/readable:1696:12)

Node.js v20.12.2
C:\Apps\map-monitor-client\parse.js:198
      MapStatus.btStatus = recentBtStatus.attribs;
                                          ^

TypeError: Cannot read properties of undefined (reading 'attribs')
    at DomHandler.callback (C:\Apps\map-monitor-client\parse.js:198:43)
    at DomHandler.handleCallback (C:\Apps\map-monitor-client\node_modules\domhandler\lib\index.js:139:18)
    at DomHandler.onend (C:\Apps\map-monitor-client\node_modules\domhandler\lib\index.js:77:14)
    at Parser.onend (C:\Apps\map-monitor-client\node_modules\htmlparser2\lib\Parser.js:398:78)
    at Tokenizer.finish (C:\Apps\map-monitor-client\node_modules\htmlparser2\lib\Tokenizer.js:734:18)
    at Tokenizer.end (C:\Apps\map-monitor-client\node_modules\htmlparser2\lib\Tokenizer.js:154:18)
    at Parser.end (C:\Apps\map-monitor-client\node_modules\htmlparser2\lib\Parser.js:478:24)
    at ReadStream.<anonymous> (C:\Apps\map-monitor-client\parse.js:265:12)
    at ReadStream.emit (node:events:518:28)
    at endReadableNT (node:internal/streams/readable:1696:12)

Node.js v20.12.2
C:\Apps\map-monitor-client\parse.js:198
      MapStatus.btStatus = recentBtStatus.attribs;
                                          ^

TypeError: Cannot read properties of undefined (reading 'attribs')
    at DomHandler.callback (C:\Apps\map-monitor-client\parse.js:198:43)
    at DomHandler.handleCallback (C:\Apps\map-monitor-client\node_modules\domhandler\lib\index.js:139:18)
    at DomHandler.onend (C:\Apps\map-monitor-client\node_modules\domhandler\lib\index.js:77:14)
    at Parser.onend (C:\Apps\map-monitor-client\node_modules\htmlparser2\lib\Parser.js:398:78)
    at Tokenizer.finish (C:\Apps\map-monitor-client\node_modules\htmlparser2\lib\Tokenizer.js:734:18)
    at Tokenizer.end (C:\Apps\map-monitor-client\node_modules\htmlparser2\lib\Tokenizer.js:154:18)
    at Parser.end (C:\Apps\map-monitor-client\node_modules\htmlparser2\lib\Parser.js:478:24)
    at ReadStream.<anonymous> (C:\Apps\map-monitor-client\parse.js:265:12)
    at ReadStream.emit (node:events:518:28)
    at endReadableNT (node:internal/streams/readable:1696:12)

Node.js v20.12.2
C:\Apps\map-monitor-client\parse.js:198
      MapStatus.btStatus = recentBtStatus.attribs;
                                          ^

TypeError: Cannot read properties of undefined (reading 'attribs')
    at DomHandler.callback (C:\Apps\map-monitor-client\parse.js:198:43)
    at DomHandler.handleCallback (C:\Apps\map-monitor-client\node_modules\domhandler\lib\index.js:139:18)
    at DomHandler.onend (C:\Apps\map-monitor-client\node_modules\domhandler\lib\index.js:77:14)
    at Parser.onend (C:\Apps\map-monitor-client\node_modules\htmlparser2\lib\Parser.js:398:78)
    at Tokenizer.finish (C:\Apps\map-monitor-client\node_modules\htmlparser2\lib\Tokenizer.js:734:18)
    at Tokenizer.end (C:\Apps\map-monitor-client\node_modules\htmlparser2\lib\Tokenizer.js:154:18)
    at Parser.end (C:\Apps\map-monitor-client\node_modules\htmlparser2\lib\Parser.js:478:24)
    at ReadStream.<anonymous> (C:\Apps\map-monitor-client\parse.js:265:12)
    at ReadStream.emit (node:events:518:28)
    at endReadableNT (node:internal/streams/readable:1696:12)

Node.js v20.12.2
C:\Apps\map-monitor-client\parse.js:198
      MapStatus.btStatus = recentBtStatus.attribs;
                                          ^

TypeError: Cannot read properties of undefined (reading 'attribs')
    at DomHandler.callback (C:\Apps\map-monitor-client\parse.js:198:43)
    at DomHandler.handleCallback (C:\Apps\map-monitor-client\node_modules\domhandler\lib\index.js:139:18)
    at DomHandler.onend (C:\Apps\map-monitor-client\node_modules\domhandler\lib\index.js:77:14)
    at Parser.onend (C:\Apps\map-monitor-client\node_modules\htmlparser2\lib\Parser.js:398:78)
    at Tokenizer.finish (C:\Apps\map-monitor-client\node_modules\htmlparser2\lib\Tokenizer.js:734:18)
    at Tokenizer.end (C:\Apps\map-monitor-client\node_modules\htmlparser2\lib\Tokenizer.js:154:18)
    at Parser.end (C:\Apps\map-monitor-client\node_modules\htmlparser2\lib\Parser.js:478:24)
    at ReadStream.<anonymous> (C:\Apps\map-monitor-client\parse.js:265:12)
    at ReadStream.emit (node:events:518:28)
    at endReadableNT (node:internal/streams/readable:1696:12)

Node.js v20.12.2
C:\Apps\map-monitor-client\parse.js:198
      MapStatus.btStatus = recentBtStatus.attribs;
                                          ^

TypeError: Cannot read properties of undefined (reading 'attribs')
    at DomHandler.callback (C:\Apps\map-monitor-client\parse.js:198:43)
    at DomHandler.handleCallback (C:\Apps\map-monitor-client\node_modules\domhandler\lib\index.js:139:18)
    at DomHandler.onend (C:\Apps\map-monitor-client\node_modules\domhandler\lib\index.js:77:14)
    at Parser.onend (C:\Apps\map-monitor-client\node_modules\htmlparser2\lib\Parser.js:398:78)
    at Tokenizer.finish (C:\Apps\map-monitor-client\node_modules\htmlparser2\lib\Tokenizer.js:734:18)
    at Tokenizer.end (C:\Apps\map-monitor-client\node_modules\htmlparser2\lib\Tokenizer.js:154:18)
    at Parser.end (C:\Apps\map-monitor-client\node_modules\htmlparser2\lib\Parser.js:478:24)
    at ReadStream.<anonymous> (C:\Apps\map-monitor-client\parse.js:265:12)
    at ReadStream.emit (node:events:518:28)
    at endReadableNT (node:internal/streams/readable:1696:12)

Node.js v20.12.2
